<testsuite failures="0" name="src/test/java/FeatureFiles/CrudTesting.feature" skipped="0" tests="1" time="1.458102">
  <testcase classname="src.test.java.FeatureFiles.CrudTesting" name="Demonstrate POST, GET, UPDATE, DELETE methods" time="1.458102">
    <system-out>Given url 'https://api.escuelajs.co/api/v1/products' ...................... passed
* def randomProductId = Math.floor(Math.random() * 400) + 100 ............. passed
* def title = 'New Karate Product - Debomita' + randomProductId ........... passed
* print 'Generated title:', title ......................................... passed
And request ............................................................... passed
When method post .......................................................... passed
Then status 201 ........................................................... passed
* def productId = response.id ............................................. passed
* print 'Created product is', productId ................................... passed</system-out>
  </testcase>
</testsuite>
